<?xml version="1.0" encoding="UTF-8"?>
<!-- Generated by org.testng.reporters.JUnitReportReporter -->
<testsuite hostname="INLEN8520067449" failures="0" tests="1" name="com.Test.LoginTest" time="6.151" errors="0" timestamp="2023-01-24T12:30:29 IST" skipped="0">
  <testcase classname="com.Test.LoginTest" name="Login" time="6.151"/>
  <system-out/>
</testsuite> <!-- com.Test.LoginTest -->
